[debug] [2017-10-06T04:29:23.632Z] ----------------------------------------------------------------------
[debug] [2017-10-06T04:29:23.634Z] Command:       /usr/local/bin/node /usr/local/bin/firebase serve
[debug] [2017-10-06T04:29:23.635Z] CLI Version:   3.12.0
[debug] [2017-10-06T04:29:23.635Z] Platform:      darwin
[debug] [2017-10-06T04:29:23.635Z] Node Version:  v6.10.3
[debug] [2017-10-06T04:29:23.635Z] Time:          Thu Oct 05 2017 21:29:23 GMT-0700 (PDT)
[debug] [2017-10-06T04:29:23.635Z] ----------------------------------------------------------------------
[debug] 
[debug] [2017-10-06T04:29:23.650Z] > command requires scopes: ["email","openid","https://www.googleapis.com/auth/cloudplatformprojects.readonly","https://www.googleapis.com/auth/firebase","https://www.googleapis.com/auth/cloud-platform"]
[debug] [2017-10-06T04:29:23.650Z] > authorizing via signed-in user
[debug] [2017-10-06T04:29:23.652Z] > refreshing access token with scopes: ["email","https://www.googleapis.com/auth/cloud-platform","https://www.googleapis.com/auth/cloudplatformprojects.readonly","https://www.googleapis.com/auth/firebase","openid"]
[debug] [2017-10-06T04:29:23.652Z] >>> HTTP REQUEST POST https://www.googleapis.com/oauth2/v3/token { refresh_token: '1/JTi7gpHIaf0JL77lMBsMGrfP2FuOtkGNLZ7TEfVkCEE',
  client_id: '563584335869-fgrhgmd47bqnekij5i8b5pr03ho849e6.apps.googleusercontent.com',
  client_secret: 'j9iVZfS8kkCEFUPaAeJV0sAi',
  grant_type: 'refresh_token',
  scope: 'email https://www.googleapis.com/auth/cloud-platform https://www.googleapis.com/auth/cloudplatformprojects.readonly https://www.googleapis.com/auth/firebase openid' } 
 Thu Oct 05 2017 21:29:23 GMT-0700 (PDT)
[debug] [2017-10-06T04:29:23.763Z] <<< HTTP RESPONSE 200
[debug] [2017-10-06T04:29:23.767Z] >>> HTTP REQUEST GET https://admin.firebase.com/v1/projects/fruit-drop-1506557698689  
 Thu Oct 05 2017 21:29:23 GMT-0700 (PDT)
[debug] [2017-10-06T04:29:24.246Z] <<< HTTP RESPONSE 200
[debug] [2017-10-06T04:29:24.247Z] >>> HTTP REQUEST GET https://admin.firebase.com/v1/database/fruit-drop-1506557698689/tokens  
 Thu Oct 05 2017 21:29:24 GMT-0700 (PDT)
[debug] [2017-10-06T04:29:24.998Z] <<< HTTP RESPONSE 200
[info] 
[info] === Serving from '/Users/gracepark/Documents/UCLA_CodingBootcamp/fruitdrop/fruitdrop'...
[info] 
[debug] [2017-10-06T04:29:25.002Z] >>> HTTP REQUEST GET https://cloudresourcemanager.googleapis.com/v1/projects/fruit-drop-1506557698689  
 Thu Oct 05 2017 21:29:25 GMT-0700 (PDT)
[debug] [2017-10-06T04:29:25.432Z] <<< HTTP RESPONSE 200
[debug] [2017-10-06T04:29:25.433Z] >>> HTTP REQUEST GET https://mobilesdk-pa.googleapis.com/v1/projects/425209410204/clients/_:getWebAppConfig  
 Thu Oct 05 2017 21:29:25 GMT-0700 (PDT)
[debug] [2017-10-06T04:29:25.919Z] <<< HTTP RESPONSE 200
[info] i  hosting: Serving hosting files from: public
[info] ✔  hosting: Local server: http://localhost:5000

